# JRE version: OpenJDK Runtime Environment Microsoft-40648 (11.0.16.1+1) (build 11.0.16.1+1-LTS)
# Java VM: OpenJDK 64-Bit Server VM Microsoft-40648 (11.0.16.1+1-LTS, mixed mode, tiered, compressed oops, g1 gc, windows-amd64)
Heap:
 garbage-first heap   total 91136K, used 40051K [0x0000000082000000, 0x0000000100000000)
  region size 1024K, 5 young (5120K), 2 survivors (2048K)
 Metaspace       used 17685K, capacity 18013K, committed 18176K, reserved 1064960K
  class space    used 1656K, capacity 1784K, committed 1792K, reserved 1048576K
GC Heap History (20 events):
Event: 15.892 GC heap before
{Heap before GC invocations=51 (full 0):
 garbage-first heap   total 35840K, used 27600K [0x0000000082000000, 0x0000000100000000)
  region size 1024K, 2 young (2048K), 1 survivors (1024K)
 Metaspace       used 15780K, capacity 16124K, committed 16384K, reserved 1064960K
  class space    used 1555K, capacity 1695K, committed 1792K, reserved 1048576K
}
Event: 15.900 GC heap after
{Heap after GC invocations=52 (full 0):
 garbage-first heap   total 44032K, used 27681K [0x0000000082000000, 0x0000000100000000)
  region size 1024K, 1 young (1024K), 1 survivors (1024K)
 Metaspace       used 15780K, capacity 16124K, committed 16384K, reserved 1064960K
  class space    used 1555K, capacity 1695K, committed 1792K, reserved 1048576K
}
Event: 15.998 GC heap before
{Heap before GC invocations=52 (full 0):
 garbage-first heap   total 44032K, used 29729K [0x0000000082000000, 0x0000000100000000)
  region size 1024K, 4 young (4096K), 1 survivors (1024K)
 Metaspace       used 15834K, capacity 16188K, committed 16384K, reserved 1064960K
  class space    used 1556K, capacity 1695K, committed 1792K, reserved 1048576K
}
Event: 16.006 GC heap after
{Heap after GC invocations=53 (full 0):
 garbage-first heap   total 44032K, used 28902K [0x0000000082000000, 0x0000000100000000)
  region size 1024K, 1 young (1024K), 1 survivors (1024K)
 Metaspace       used 15834K, capacity 16188K, committed 16384K, reserved 1064960K
  class space    used 1556K, capacity 1695K, committed 1792K, reserved 1048576K
}
Event: 16.304 GC heap before
{Heap before GC invocations=54 (full 0):
 garbage-first heap   total 44032K, used 32998K [0x0000000082000000, 0x0000000100000000)
  region size 1024K, 4 young (4096K), 1 survivors (1024K)
 Metaspace       used 15937K, capacity 16254K, committed 16384K, reserved 1064960K
  class space    used 1556K, capacity 1695K, committed 1792K, reserved 1048576K
}
Event: 16.313 GC heap after
{Heap after GC invocations=55 (full 0):
 garbage-first heap   total 44032K, used 30899K [0x0000000082000000, 0x0000000100000000)
  region size 1024K, 1 young (1024K), 1 survivors (1024K)
 Metaspace       used 15937K, capacity 16254K, committed 16384K, reserved 1064960K
  class space    used 1556K, capacity 1695K, committed 1792K, reserved 1048576K
}
Event: 16.580 GC heap before
{Heap before GC invocations=55 (full 0):
 garbage-first heap   total 44032K, used 32947K [0x0000000082000000, 0x0000000100000000)
  region size 1024K, 3 young (3072K), 1 survivors (1024K)
 Metaspace       used 16013K, capacity 16320K, committed 16640K, reserved 1064960K
  class space    used 1556K, capacity 1695K, committed 1792K, reserved 1048576K
}
Event: 16.587 GC heap after
{Heap after GC invocations=56 (full 0):
 garbage-first heap   total 44032K, used 31486K [0x0000000082000000, 0x0000000100000000)
  region size 1024K, 1 young (1024K), 1 survivors (1024K)
 Metaspace       used 16013K, capacity 16320K, committed 16640K, reserved 1064960K
  class space    used 1556K, capacity 1695K, committed 1792K, reserved 1048576K
}
Event: 16.806 GC heap before
{Heap before GC invocations=57 (full 0):
 garbage-first heap   total 44032K, used 33534K [0x0000000082000000, 0x0000000100000000)
  region size 1024K, 3 young (3072K), 1 survivors (1024K)
 Metaspace       used 16046K, capacity 16392K, committed 16640K, reserved 1064960K
  class space    used 1556K, capacity 1695K, committed 1792K, reserved 1048576K
}
Event: 16.813 GC heap after
{Heap after GC invocations=58 (full 0):
 garbage-first heap   total 58368K, used 31878K [0x0000000082000000, 0x0000000100000000)
  region size 1024K, 1 young (1024K), 1 survivors (1024K)
 Metaspace       used 16046K, capacity 16392K, committed 16640K, reserved 1064960K
  class space    used 1556K, capacity 1695K, committed 1792K, reserved 1048576K
}
Event: 17.314 GC heap before
{Heap before GC invocations=58 (full 0):
 garbage-first heap   total 58368K, used 38022K [0x0000000082000000, 0x0000000100000000)
  region size 1024K, 8 young (8192K), 1 survivors (1024K)
 Metaspace       used 16084K, capacity 16392K, committed 16640K, reserved 1064960K
  class space    used 1556K, capacity 1695K, committed 1792K, reserved 1048576K
}
Event: 17.325 GC heap after
{Heap after GC invocations=59 (full 0):
 garbage-first heap   total 58368K, used 33315K [0x0000000082000000, 0x0000000100000000)
  region size 1024K, 1 young (1024K), 1 survivors (1024K)
 Metaspace       used 16084K, capacity 16392K, committed 16640K, reserved 1064960K
  class space    used 1556K, capacity 1695K, committed 1792K, reserved 1048576K
}
Event: 17.761 GC heap before
{Heap before GC invocations=60 (full 0):
 garbage-first heap   total 58368K, used 40483K [0x0000000082000000, 0x0000000100000000)
  region size 1024K, 8 young (8192K), 1 survivors (1024K)
 Metaspace       used 16141K, capacity 16458K, committed 16640K, reserved 1064960K
  class space    used 1559K, capacity 1695K, committed 1792K, reserved 1048576K
}
Event: 17.775 GC heap after
{Heap after GC invocations=61 (full 0):
 garbage-first heap   total 58368K, used 34709K [0x0000000082000000, 0x0000000100000000)
  region size 1024K, 1 young (1024K), 1 survivors (1024K)
 Metaspace       used 16141K, capacity 16458K, committed 16640K, reserved 1064960K
  class space    used 1559K, capacity 1695K, committed 1792K, reserved 1048576K
}
Event: 18.079 GC heap before
{Heap before GC invocations=61 (full 0):
 garbage-first heap   total 58368K, used 41877K [0x0000000082000000, 0x0000000100000000)
  region size 1024K, 8 young (8192K), 1 survivors (1024K)
 Metaspace       used 16160K, capacity 16458K, committed 16640K, reserved 1064960K
  class space    used 1559K, capacity 1695K, committed 1792K, reserved 1048576K
}
Event: 18.090 GC heap after
{Heap after GC invocations=62 (full 0):
 garbage-first heap   total 58368K, used 35963K [0x0000000082000000, 0x0000000100000000)
  region size 1024K, 1 young (1024K), 1 survivors (1024K)
 Metaspace       used 16160K, capacity 16458K, committed 16640K, reserved 1064960K
  class space    used 1559K, capacity 1695K, committed 1792K, reserved 1048576K
}
Event: 20.616 GC heap before
{Heap before GC invocations=63 (full 0):
 garbage-first heap   total 58368K, used 43131K [0x0000000082000000, 0x0000000100000000)
  region size 1024K, 8 young (8192K), 1 survivors (1024K)
 Metaspace       used 17270K, capacity 17561K, committed 17664K, reserved 1064960K
  class space    used 1655K, capacity 1784K, committed 1792K, reserved 1048576K
}
Event: 20.630 GC heap after
{Heap after GC invocations=64 (full 0):
 garbage-first heap   total 91136K, used 36989K [0x0000000082000000, 0x0000000100000000)
  region size 1024K, 1 young (1024K), 1 survivors (1024K)
 Metaspace       used 17270K, capacity 17561K, committed 17664K, reserved 1064960K
  class space    used 1655K, capacity 1784K, committed 1792K, reserved 1048576K
}
Event: 28.530 GC heap before
{Heap before GC invocations=64 (full 0):
 garbage-first heap   total 91136K, used 53373K [0x0000000082000000, 0x0000000100000000)
  region size 1024K, 17 young (17408K), 1 survivors (1024K)
 Metaspace       used 17666K, capacity 18013K, committed 18176K, reserved 1064960K
  class space    used 1656K, capacity 1784K, committed 1792K, reserved 1048576K
}
Event: 28.548 GC heap after
{Heap after GC invocations=65 (full 0):
 garbage-first heap   total 91136K, used 38003K [0x0000000082000000, 0x0000000100000000)
  region size 1024K, 2 young (2048K), 2 survivors (2048K)
 Metaspace       used 17666K, capacity 18013K, committed 18176K, reserved 1064960K
  class space    used 1656K, capacity 1784K, committed 1792K, reserved 1048576K
}

